{"/Users/giovanapena/Documents/projetos/TDC-with-TDD/routes.js": {"path":"/Users/giovanapena/Documents/projetos/TDC-with-TDD/routes.js","statementMap":{"0":{"start":{"line":1,"column":19},"end":{"line":1,"column":37}},"1":{"start":{"line":2,"column":15},"end":{"line":2,"column":23}},"2":{"start":{"line":3,"column":25},"end":{"line":3,"column":65}},"3":{"start":{"line":6,"column":1},"end":{"line":6,"column":46}},"4":{"start":{"line":7,"column":1},"end":{"line":7,"column":49}},"5":{"start":{"line":9,"column":1},"end":{"line":9,"column":24}}},"fnMap":{},"branchMap":{},"s":{"0":1,"1":1,"2":1,"3":1,"4":1,"5":1},"f":{},"b":{},"_coverageSchema":"1a1c01bbd47fc00a2c39e90264f33305004495a9","hash":"b1f1ef29d9a70165b9887c444147846a66696462"}
,"/Users/giovanapena/Documents/projetos/TDC-with-TDD/controller/peopleController.js": {"path":"/Users/giovanapena/Documents/projetos/TDC-with-TDD/controller/peopleController.js","statementMap":{"0":{"start":{"line":1,"column":15},"end":{"line":1,"column":41}},"1":{"start":{"line":3,"column":0},"end":{"line":38,"column":1}},"2":{"start":{"line":5,"column":8},"end":{"line":14,"column":9}},"3":{"start":{"line":6,"column":27},"end":{"line":6,"column":46}},"4":{"start":{"line":7,"column":12},"end":{"line":7,"column":39}},"5":{"start":{"line":8,"column":12},"end":{"line":8,"column":52}},"6":{"start":{"line":10,"column":12},"end":{"line":13,"column":15}},"7":{"start":{"line":17,"column":84},"end":{"line":17,"column":96}},"8":{"start":{"line":18,"column":8},"end":{"line":36,"column":9}},"9":{"start":{"line":19,"column":26},"end":{"line":28,"column":14}},"10":{"start":{"line":29,"column":12},"end":{"line":29,"column":32}},"11":{"start":{"line":30,"column":12},"end":{"line":30,"column":53}},"12":{"start":{"line":32,"column":12},"end":{"line":35,"column":15}}},"fnMap":{"0":{"name":"(anonymous_0)","decl":{"start":{"line":4,"column":4},"end":{"line":4,"column":5}},"loc":{"start":{"line":4,"column":34},"end":{"line":15,"column":5}},"line":4},"1":{"name":"(anonymous_1)","decl":{"start":{"line":16,"column":4},"end":{"line":16,"column":5}},"loc":{"start":{"line":16,"column":36},"end":{"line":37,"column":5}},"line":16}},"branchMap":{},"s":{"0":1,"1":1,"2":1,"3":1,"4":1,"5":1,"6":0,"7":2,"8":2,"9":2,"10":1,"11":1,"12":1},"f":{"0":1,"1":2},"b":{},"_coverageSchema":"1a1c01bbd47fc00a2c39e90264f33305004495a9","hash":"c96cd298f7f0e29502a4d0da436b26bfaa8329be"}
,"/Users/giovanapena/Documents/projetos/TDC-with-TDD/mock/mock.people.js": {"path":"/Users/giovanapena/Documents/projetos/TDC-with-TDD/mock/mock.people.js","statementMap":{"0":{"start":{"line":1,"column":21},"end":{"line":13,"column":1}},"1":{"start":{"line":15,"column":0},"end":{"line":15,"column":40}},"2":{"start":{"line":17,"column":25},"end":{"line":29,"column":1}},"3":{"start":{"line":31,"column":0},"end":{"line":31,"column":48}}},"fnMap":{},"branchMap":{},"s":{"0":1,"1":1,"2":1,"3":1},"f":{},"b":{},"_coverageSchema":"1a1c01bbd47fc00a2c39e90264f33305004495a9","hash":"9b47d152403bda9b5ecdfc731ae326065e5c37e8"}
,"/Users/giovanapena/Documents/projetos/TDC-with-TDD/model/people.js": {"path":"/Users/giovanapena/Documents/projetos/TDC-with-TDD/model/people.js","statementMap":{"0":{"start":{"line":1,"column":17},"end":{"line":1,"column":36}},"1":{"start":{"line":3,"column":21},"end":{"line":14,"column":2}},"2":{"start":{"line":16,"column":0},"end":{"line":16,"column":55}}},"fnMap":{},"branchMap":{},"s":{"0":1,"1":1,"2":1},"f":{},"b":{},"_coverageSchema":"1a1c01bbd47fc00a2c39e90264f33305004495a9","hash":"e9fc73283d88ddfd0867978b803fead3778c5d81"}
}
